[Tue Jul 21 17:07:02 CST 2026] Auto-sync started (commit every 120s, push every 900s)
[Tue Jul 21 17:09:04 CST 2026] Committed #1: 9 files, 95 pages total
[Tue Jul 21 17:11:06 CST 2026] Committed #2: 7 files, 101 pages total
[Tue Jul 21 17:13:09 CST 2026] Committed #3: 11 files, 111 pages total
[Tue Jul 21 17:15:11 CST 2026] Committed #4: 8 files, 118 pages total
[Tue Jul 21 17:17:13 CST 2026] Committed #5: 12 files, 129 pages total
[Tue Jul 21 17:19:16 CST 2026] Committed #6: 10 files, 138 pages total
[Tue Jul 21 17:21:18 CST 2026] Committed #7: 8 files, 144 pages total
[Tue Jul 21 17:23:20 CST 2026] Committed #8: 8 files, 151 pages total
[Tue Jul 21 17:23:20 CST 2026] Pushing to remote (every 900s)...
[Tue Jul 21 17:23:23 CST 2026] Push successful
[Tue Jul 21 17:25:25 CST 2026] Committed #9: 5 files, 155 pages total
[Tue Jul 21 17:27:27 CST 2026] Committed #10: 6 files, 160 pages total
[Tue Jul 21 17:29:29 CST 2026] Committed #11: 16 files, 174 pages total
[Tue Jul 21 17:31:32 CST 2026] Committed #12: 17 files, 190 pages total
[Tue Jul 21 17:33:34 CST 2026] Committed #13: 9 files, 198 pages total
[Tue Jul 21 17:35:36 CST 2026] Committed #14: 8 files, 205 pages total
[Tue Jul 21 17:37:39 CST 2026] Committed #15: 15 files, 219 pages total
[Tue Jul 21 17:39:41 CST 2026] Committed #16: 3 files, 221 pages total
[Tue Jul 21 17:39:41 CST 2026] Pushing to remote (every 900s)...
[Tue Jul 21 17:39:44 CST 2026] Push successful
[Tue Jul 21 17:41:46 CST 2026] Committed #17: 10 files, 230 pages total
[Tue Jul 21 17:43:54 CST 2026] Committed #18: 111 files, 242 pages total
[Tue Jul 21 17:45:56 CST 2026] Committed #19: 5 files, 248 pages total
[Tue Jul 21 17:47:58 CST 2026] Committed #20: 7 files, 254 pages total
[Tue Jul 21 17:50:00 CST 2026] Committed #21: 1 files, 256 pages total
[Tue Jul 21 17:52:03 CST 2026] Committed #22: 17 files, 271 pages total
[Tue Jul 21 17:54:06 CST 2026] Committed #23: 15 files, 280 pages total
[Tue Jul 21 17:56:08 CST 2026] Committed #24: 9 files, 284 pages total
[Tue Jul 21 17:56:08 CST 2026] Pushing to remote (every 900s)...
[Tue Jul 21 17:56:11 CST 2026] Push successful
[Tue Jul 21 17:58:14 CST 2026] Committed #25: 11 files, 288 pages total
[Tue Jul 21 18:04:08 CST 2026] Auto-sync started (commit every 120s, push every 900s)
[Tue Jul 21 18:06:10 CST 2026] Committed #1: 7 files, 296 pages total
[Tue Jul 21 18:08:12 CST 2026] Committed #2: 3 files, 298 pages total
[Tue Jul 21 18:10:14 CST 2026] Committed #3: 6 files, 303 pages total
[Tue Jul 21 18:12:16 CST 2026] Committed #4: 6 files, 308 pages total
[Tue Jul 21 18:14:18 CST 2026] Committed #5: 3 files, 310 pages total
[Tue Jul 21 18:47:22 CST 2026] Auto-sync started (commit every 120s, push every 300s)
[Tue Jul 21 18:55:40 CST 2026] Auto-sync started (commit every 180s, push to dev every 600s)
